Thu Sep 18 2025 5:21:34 [SERVER-NAME] info: 
Thu Sep 18 2025 5:21:39 [SERVER-NAME] info: 
Thu Sep 18 2025 5:22:8 [SERVER-NAME] info: 
Thu Sep 18 2025 5:22:20 [SERVER-NAME] info: 
Thu Sep 18 2025 5:22:22 [SERVER-NAME] info: 
Thu Sep 18 2025 5:22:36 [SERVER-NAME] info: function builder() {
    return applyStyle.apply(builder, arguments);
  }
Thu Sep 18 2025 5:22:39 [SERVER-NAME] info: 
Thu Sep 18 2025 5:22:41 [SERVER-NAME] info: 
Thu Sep 18 2025 5:23:59 [SERVER-NAME] info: [33m♻️  Application listening on http://10.0.60.126:5000[39m
Thu Sep 18 2025 5:24:22 [SERVER-NAME] info: [33m♻️  Application listening on http://localhost:5000[39m
Thu Sep 18 2025 5:24:58 [SERVER-NAME] info: [32m♻️  Application listening on http://localhost:5000[39m
Thu Sep 18 2025 5:25:11 [SERVER-NAME] info: [32m♻️  Application listening on http://localhost:5000[39m
Thu Sep 18 2025 5:25:21 [SERVER-NAME] info: [32m♻️  Application listening on http://localhost:5000[39m
Thu Sep 18 2025 5:25:28 [SERVER-NAME] info: [32m♻️  Application listening on http://localhost:5000[39m
Thu Sep 18 2025 5:25:31 [SERVER-NAME] info: [32m♻️  Application listening on http://localhost:5000[39m
Thu Sep 18 2025 5:25:36 [SERVER-NAME] info: [32m♻️  Application listening on http://localhost:5000[39m
Thu Sep 18 2025 5:25:49 [SERVER-NAME] info: [32m♻️  Application listening on http://localhost:5000[39m
Thu Sep 18 2025 5:25:54 [SERVER-NAME] info: [32m♻️  Application listening on http://localhost:5000[39m
Thu Sep 18 2025 5:25:56 [SERVER-NAME] info: [32m♻️  Application listening on http://localhost:5000[39m
Thu Sep 18 2025 5:25:58 [SERVER-NAME] info: [32m♻️  Application listening on http://localhost:5000[39m
Thu Sep 18 2025 5:26:10 [SERVER-NAME] info: [42m♻️  Application listening on http://localhost:5000[49m
Thu Sep 18 2025 5:26:46 [SERVER-NAME] info: [42m[37m♻️  Application listening on http://localhost:5000[39m[49m
Thu Sep 18 2025 5:26:49 [SERVER-NAME] info: [42m[37m♻️  Application listening on http://localhost:5000[39m[49m
Thu Sep 18 2025 5:27:0 [SERVER-NAME] info: [42m[90m♻️  Application listening on http://localhost:5000[39m[49m
Thu Sep 18 2025 5:27:5 [SERVER-NAME] info: [42m[31m♻️  Application listening on http://localhost:5000[39m[49m
Thu Sep 18 2025 5:27:27 [SERVER-NAME] info: [42m[31m♻️  Application listening on http://localhost:5000[39m[49m
Thu Sep 18 2025 5:27:40 [SERVER-NAME] info: [42m[30m♻️  Application listening on http://localhost:5000[39m[49m
