Sun Sep 28 2025 1:1:19 [SERVER-NAME] info: [42m[30m♻️  Application listening on http://localhost:5000[39m[49m
Sun Sep 28 2025 1:1:19 [SERVER-NAME] info: [46m🚀 Database connected successfully...[49m
Sun Sep 28 2025 1:1:42 [SERVER-NAME] info: [42m[30m♻️  Application listening on http://localhost:5000[39m[49m
Sun Sep 28 2025 1:1:42 [SERVER-NAME] info: [46m🚀 Database connected successfully...[49m
Sun Sep 28 2025 1:1:47 [SERVER-NAME] info: [42m[30m♻️  Application listening on http://localhost:5000[39m[49m
Sun Sep 28 2025 1:1:47 [SERVER-NAME] info: [46m🚀 Database connected successfully...[49m
Sun Sep 28 2025 1:1:53 [SERVER-NAME] info: [42m[30m♻️  Application listening on http://localhost:5000[39m[49m
Sun Sep 28 2025 1:1:53 [SERVER-NAME] info: [46m🚀 Database connected successfully...[49m
Sun Sep 28 2025 1:1:55 [SERVER-NAME] info: [42m[30m♻️  Application listening on http://localhost:5000[39m[49m
Sun Sep 28 2025 1:1:55 [SERVER-NAME] info: [46m🚀 Database connected successfully...[49m
Sun Sep 28 2025 1:2:1 [SERVER-NAME] info: [42m[30m♻️  Application listening on http://localhost:5000[39m[49m
Sun Sep 28 2025 1:2:1 [SERVER-NAME] info: [46m🚀 Database connected successfully...[49m
Sun Sep 28 2025 1:2:15 [SERVER-NAME] info: [42m[30m♻️  Application listening on http://localhost:5000[39m[49m
Sun Sep 28 2025 1:2:15 [SERVER-NAME] info: [46m🚀 Database connected successfully...[49m
Sun Sep 28 2025 1:2:19 [SERVER-NAME] info: [42m[30m♻️  Application listening on http://localhost:5000[39m[49m
Sun Sep 28 2025 1:2:19 [SERVER-NAME] info: [46m🚀 Database connected successfully...[49m
Sun Sep 28 2025 1:2:20 [SERVER-NAME] info: [42m[30m♻️  Application listening on http://localhost:5000[39m[49m
Sun Sep 28 2025 1:2:20 [SERVER-NAME] info: [46m🚀 Database connected successfully...[49m
Sun Sep 28 2025 1:2:26 [SERVER-NAME] info: [42m[30m♻️  Application listening on http://localhost:5000[39m[49m
Sun Sep 28 2025 1:2:26 [SERVER-NAME] info: [46m🚀 Database connected successfully...[49m
Sun Sep 28 2025 1:2:28 [SERVER-NAME] info: [42m[30m♻️  Application listening on http://localhost:5000[39m[49m
Sun Sep 28 2025 1:2:28 [SERVER-NAME] info: [46m🚀 Database connected successfully...[49m
Sun Sep 28 2025 1:2:31 [SERVER-NAME] info: [42m[30m♻️  Application listening on http://localhost:5000[39m[49m
Sun Sep 28 2025 1:2:31 [SERVER-NAME] info: [46m🚀 Database connected successfully...[49m
Sun Sep 28 2025 1:2:34 [SERVER-NAME] info: [42m[30m♻️  Application listening on http://localhost:5000[39m[49m
Sun Sep 28 2025 1:2:34 [SERVER-NAME] info: [46m🚀 Database connected successfully...[49m
Sun Sep 28 2025 1:5:25 [SERVER-NAME] info: [42m[30m♻️  Application listening on http://localhost:5000[39m[49m
Sun Sep 28 2025 1:5:25 [SERVER-NAME] info: [46m🚀 Database connected successfully...[49m
Sun Sep 28 2025 1:5:30 [SERVER-NAME] info: [42m[30m♻️  Application listening on http://localhost:5000[39m[49m
Sun Sep 28 2025 1:5:30 [SERVER-NAME] info: [46m🚀 Database connected successfully...[49m
Sun Sep 28 2025 1:5:33 [SERVER-NAME] info: [42m[30m♻️  Application listening on http://localhost:5000[39m[49m
Sun Sep 28 2025 1:5:33 [SERVER-NAME] info: [46m🚀 Database connected successfully...[49m
Sun Sep 28 2025 1:5:48 [SERVER-NAME] info: [42m[30m♻️  Application listening on http://localhost:5000[39m[49m
Sun Sep 28 2025 1:5:48 [SERVER-NAME] info: [46m🚀 Database connected successfully...[49m
Sun Sep 28 2025 1:5:53 [SERVER-NAME] info: [42m[30m♻️  Application listening on http://localhost:5000[39m[49m
Sun Sep 28 2025 1:5:53 [SERVER-NAME] info: [46m🚀 Database connected successfully...[49m
Sun Sep 28 2025 1:5:56 [SERVER-NAME] info: [42m[30m♻️  Application listening on http://localhost:5000[39m[49m
Sun Sep 28 2025 1:5:56 [SERVER-NAME] info: [46m🚀 Database connected successfully...[49m
Sun Sep 28 2025 1:5:59 [SERVER-NAME] info: [42m[30m♻️  Application listening on http://localhost:5000[39m[49m
Sun Sep 28 2025 1:5:59 [SERVER-NAME] info: [46m🚀 Database connected successfully...[49m
Sun Sep 28 2025 1:6:19 [SERVER-NAME] info: [42m[30m♻️  Application listening on http://localhost:5000[39m[49m
Sun Sep 28 2025 1:6:19 [SERVER-NAME] info: [46m🚀 Database connected successfully...[49m
Sun Sep 28 2025 1:7:7 [SERVER-NAME] info: OTP is 335133
Sun Sep 28 2025 1:7:11 [SERVER-NAME] info: [42m[30m🚀 Email sent successfully..... Here is the details: [object Object][39m[49m
Sun Sep 28 2025 1:7:49 [SERVER-NAME] info: [42m[30m♻️  Application listening on http://localhost:5000[39m[49m
Sun Sep 28 2025 1:7:49 [SERVER-NAME] info: [46m🚀 Database connected successfully...[49m
Sun Sep 28 2025 1:7:57 [SERVER-NAME] info: [42m[30m♻️  Application listening on http://localhost:5000[39m[49m
Sun Sep 28 2025 1:7:57 [SERVER-NAME] info: [46m🚀 Database connected successfully...[49m
Sun Sep 28 2025 1:7:59 [SERVER-NAME] info: [42m[30m♻️  Application listening on http://localhost:5000[39m[49m
Sun Sep 28 2025 1:7:59 [SERVER-NAME] info: [46m🚀 Database connected successfully...[49m
Sun Sep 28 2025 1:8:4 [SERVER-NAME] info: [42m[30m♻️  Application listening on http://localhost:5000[39m[49m
Sun Sep 28 2025 1:8:4 [SERVER-NAME] info: [46m🚀 Database connected successfully...[49m
Sun Sep 28 2025 1:9:25 [SERVER-NAME] info: OTP is 563030
Sun Sep 28 2025 1:9:29 [SERVER-NAME] info: [42m[30m🚀 Email sent successfully.....[39m[49m
Sun Sep 28 2025 1:10:12 [SERVER-NAME] info: [42m[30m♻️  Application listening on http://localhost:5000[39m[49m
Sun Sep 28 2025 1:10:12 [SERVER-NAME] info: [46m🚀 Database connected successfully...[49m
Sun Sep 28 2025 1:10:21 [SERVER-NAME] info: [42m[30m♻️  Application listening on http://localhost:5000[39m[49m
Sun Sep 28 2025 1:10:21 [SERVER-NAME] info: [46m🚀 Database connected successfully...[49m
Sun Sep 28 2025 1:10:22 [SERVER-NAME] info: [42m[30m♻️  Application listening on http://localhost:5000[39m[49m
Sun Sep 28 2025 1:10:22 [SERVER-NAME] info: [46m🚀 Database connected successfully...[49m
Sun Sep 28 2025 1:10:23 [SERVER-NAME] info: [42m[30m♻️  Application listening on http://localhost:5000[39m[49m
Sun Sep 28 2025 1:10:23 [SERVER-NAME] info: [46m🚀 Database connected successfully...[49m
Sun Sep 28 2025 1:10:57 [SERVER-NAME] info: [42m[30m♻️  Application listening on http://localhost:5000[39m[49m
Sun Sep 28 2025 1:10:57 [SERVER-NAME] info: [46m🚀 Database connected successfully...[49m
Sun Sep 28 2025 1:10:58 [SERVER-NAME] info: [42m[30m♻️  Application listening on http://localhost:5000[39m[49m
Sun Sep 28 2025 1:10:58 [SERVER-NAME] info: [46m🚀 Database connected successfully...[49m
Sun Sep 28 2025 1:11:4 [SERVER-NAME] info: [42m[30m♻️  Application listening on http://localhost:5000[39m[49m
Sun Sep 28 2025 1:11:4 [SERVER-NAME] info: [46m🚀 Database connected successfully...[49m
Sun Sep 28 2025 1:11:5 [SERVER-NAME] info: [42m[30m♻️  Application listening on http://localhost:5000[39m[49m
Sun Sep 28 2025 1:11:5 [SERVER-NAME] info: [46m🚀 Database connected successfully...[49m
Sun Sep 28 2025 1:11:8 [SERVER-NAME] info: [42m[30m♻️  Application listening on http://localhost:5000[39m[49m
Sun Sep 28 2025 1:11:8 [SERVER-NAME] info: [46m🚀 Database connected successfully...[49m
Sun Sep 28 2025 1:11:10 [SERVER-NAME] info: [42m[30m♻️  Application listening on http://localhost:5000[39m[49m
Sun Sep 28 2025 1:11:10 [SERVER-NAME] info: [46m🚀 Database connected successfully...[49m
Sun Sep 28 2025 1:11:15 [SERVER-NAME] info: [42m[30m♻️  Application listening on http://localhost:5000[39m[49m
Sun Sep 28 2025 1:11:15 [SERVER-NAME] info: [46m🚀 Database connected successfully...[49m
Sun Sep 28 2025 1:11:23 [SERVER-NAME] info: [42m[30m♻️  Application listening on http://localhost:5000[39m[49m
Sun Sep 28 2025 1:11:23 [SERVER-NAME] info: [46m🚀 Database connected successfully...[49m
Sun Sep 28 2025 1:11:58 [SERVER-NAME] info: OTP is 102247
Sun Sep 28 2025 1:12:2 [SERVER-NAME] info: [42m[30m🚀 Email sent successfully.....[39m[49m
Sun Sep 28 2025 1:12:42 [SERVER-NAME] info: [42m[30m♻️  Application listening on http://localhost:5000[39m[49m
Sun Sep 28 2025 1:12:42 [SERVER-NAME] info: [46m🚀 Database connected successfully...[49m
Sun Sep 28 2025 1:12:46 [SERVER-NAME] info: [42m[30m♻️  Application listening on http://localhost:5000[39m[49m
Sun Sep 28 2025 1:12:46 [SERVER-NAME] info: [46m🚀 Database connected successfully...[49m
Sun Sep 28 2025 1:12:50 [SERVER-NAME] info: [42m[30m♻️  Application listening on http://localhost:5000[39m[49m
Sun Sep 28 2025 1:12:50 [SERVER-NAME] info: [46m🚀 Database connected successfully...[49m
Sun Sep 28 2025 1:17:5 [SERVER-NAME] info: [42m[30m♻️  Application listening on http://localhost:5000[39m[49m
Sun Sep 28 2025 1:17:5 [SERVER-NAME] info: [46m🚀 Database connected successfully...[49m
Sun Sep 28 2025 1:17:16 [SERVER-NAME] info: [42m[30m♻️  Application listening on http://localhost:5000[39m[49m
Sun Sep 28 2025 1:17:16 [SERVER-NAME] info: [46m🚀 Database connected successfully...[49m
Sun Sep 28 2025 1:17:19 [SERVER-NAME] info: [42m[30m♻️  Application listening on http://localhost:5000[39m[49m
Sun Sep 28 2025 1:17:19 [SERVER-NAME] info: [46m🚀 Database connected successfully...[49m
Sun Sep 28 2025 1:17:20 [SERVER-NAME] info: [42m[30m♻️  Application listening on http://localhost:5000[39m[49m
Sun Sep 28 2025 1:17:20 [SERVER-NAME] info: [46m🚀 Database connected successfully...[49m
Sun Sep 28 2025 1:17:42 [SERVER-NAME] info: [42m[30m♻️  Application listening on http://localhost:5000[39m[49m
Sun Sep 28 2025 1:17:42 [SERVER-NAME] info: [46m🚀 Database connected successfully...[49m
Sun Sep 28 2025 1:17:45 [SERVER-NAME] info: [42m[30m♻️  Application listening on http://localhost:5000[39m[49m
Sun Sep 28 2025 1:17:45 [SERVER-NAME] info: [46m🚀 Database connected successfully...[49m
Sun Sep 28 2025 1:17:48 [SERVER-NAME] info: [42m[30m♻️  Application listening on http://localhost:5000[39m[49m
Sun Sep 28 2025 1:17:48 [SERVER-NAME] info: [46m🚀 Database connected successfully...[49m
Sun Sep 28 2025 1:17:52 [SERVER-NAME] info: [42m[30m♻️  Application listening on http://localhost:5000[39m[49m
Sun Sep 28 2025 1:17:52 [SERVER-NAME] info: [46m🚀 Database connected successfully...[49m
Sun Sep 28 2025 1:18:7 [SERVER-NAME] info: [42m[30m♻️  Application listening on http://localhost:5000[39m[49m
Sun Sep 28 2025 1:18:7 [SERVER-NAME] info: [46m🚀 Database connected successfully...[49m
Sun Sep 28 2025 1:18:10 [SERVER-NAME] info: [42m[30m♻️  Application listening on http://localhost:5000[39m[49m
Sun Sep 28 2025 1:18:10 [SERVER-NAME] info: [46m🚀 Database connected successfully...[49m
Sun Sep 28 2025 1:18:14 [SERVER-NAME] info: [42m[30m♻️  Application listening on http://localhost:5000[39m[49m
Sun Sep 28 2025 1:18:14 [SERVER-NAME] info: [46m🚀 Database connected successfully...[49m
Sun Sep 28 2025 1:18:25 [SERVER-NAME] info: [42m[30m♻️  Application listening on http://localhost:5000[39m[49m
Sun Sep 28 2025 1:18:25 [SERVER-NAME] info: [46m🚀 Database connected successfully...[49m
Sun Sep 28 2025 1:20:48 [SERVER-NAME] info: [42m[30m♻️  Application listening on http://localhost:5000[39m[49m
Sun Sep 28 2025 1:20:48 [SERVER-NAME] info: [46m🚀 Database connected successfully...[49m
Sun Sep 28 2025 1:20:57 [SERVER-NAME] info: [42m[30m♻️  Application listening on http://localhost:5000[39m[49m
Sun Sep 28 2025 1:20:57 [SERVER-NAME] info: [46m🚀 Database connected successfully...[49m
Sun Sep 28 2025 1:20:59 [SERVER-NAME] info: [42m[30m♻️  Application listening on http://localhost:5000[39m[49m
Sun Sep 28 2025 1:20:59 [SERVER-NAME] info: [46m🚀 Database connected successfully...[49m
Sun Sep 28 2025 1:21:1 [SERVER-NAME] info: [42m[30m♻️  Application listening on http://localhost:5000[39m[49m
Sun Sep 28 2025 1:21:1 [SERVER-NAME] info: [46m🚀 Database connected successfully...[49m
Sun Sep 28 2025 1:21:4 [SERVER-NAME] info: [42m[30m♻️  Application listening on http://localhost:5000[39m[49m
Sun Sep 28 2025 1:21:4 [SERVER-NAME] info: [46m🚀 Database connected successfully...[49m
Sun Sep 28 2025 1:21:13 [SERVER-NAME] info: [42m[30m♻️  Application listening on http://localhost:5000[39m[49m
Sun Sep 28 2025 1:21:13 [SERVER-NAME] info: [46m🚀 Database connected successfully...[49m
Sun Sep 28 2025 1:21:16 [SERVER-NAME] info: [42m[30m♻️  Application listening on http://localhost:5000[39m[49m
Sun Sep 28 2025 1:21:16 [SERVER-NAME] info: [46m🚀 Database connected successfully...[49m
Sun Sep 28 2025 1:21:21 [SERVER-NAME] info: [42m[30m♻️  Application listening on http://localhost:5000[39m[49m
Sun Sep 28 2025 1:21:21 [SERVER-NAME] info: [46m🚀 Database connected successfully...[49m
Sun Sep 28 2025 1:21:24 [SERVER-NAME] info: [42m[30m♻️  Application listening on http://localhost:5000[39m[49m
Sun Sep 28 2025 1:21:24 [SERVER-NAME] info: [46m🚀 Database connected successfully...[49m
Sun Sep 28 2025 1:21:28 [SERVER-NAME] info: [42m[30m♻️  Application listening on http://localhost:5000[39m[49m
Sun Sep 28 2025 1:21:28 [SERVER-NAME] info: [46m🚀 Database connected successfully...[49m
Sun Sep 28 2025 1:21:39 [SERVER-NAME] info: [42m[30m♻️  Application listening on http://localhost:5000[39m[49m
Sun Sep 28 2025 1:21:39 [SERVER-NAME] info: [46m🚀 Database connected successfully...[49m
Sun Sep 28 2025 1:21:41 [SERVER-NAME] info: [42m[30m♻️  Application listening on http://localhost:5000[39m[49m
Sun Sep 28 2025 1:21:41 [SERVER-NAME] info: [46m🚀 Database connected successfully...[49m
Sun Sep 28 2025 1:21:42 [SERVER-NAME] info: [42m[30m♻️  Application listening on http://localhost:5000[39m[49m
Sun Sep 28 2025 1:21:42 [SERVER-NAME] info: [46m🚀 Database connected successfully...[49m
Sun Sep 28 2025 1:21:50 [SERVER-NAME] info: [42m[30m♻️  Application listening on http://localhost:5000[39m[49m
Sun Sep 28 2025 1:21:50 [SERVER-NAME] info: [46m🚀 Database connected successfully...[49m
Sun Sep 28 2025 1:21:51 [SERVER-NAME] info: [42m[30m♻️  Application listening on http://localhost:5000[39m[49m
Sun Sep 28 2025 1:21:51 [SERVER-NAME] info: [46m🚀 Database connected successfully...[49m
Sun Sep 28 2025 1:21:58 [SERVER-NAME] info: [42m[30m♻️  Application listening on http://localhost:5000[39m[49m
Sun Sep 28 2025 1:21:58 [SERVER-NAME] info: [46m🚀 Database connected successfully...[49m
Sun Sep 28 2025 1:22:11 [SERVER-NAME] info: [42m[30m♻️  Application listening on http://localhost:5000[39m[49m
Sun Sep 28 2025 1:22:11 [SERVER-NAME] info: [46m🚀 Database connected successfully...[49m
Sun Sep 28 2025 1:22:13 [SERVER-NAME] info: [42m[30m♻️  Application listening on http://localhost:5000[39m[49m
Sun Sep 28 2025 1:22:13 [SERVER-NAME] info: [46m🚀 Database connected successfully...[49m
Sun Sep 28 2025 1:24:44 [SERVER-NAME] info: [42m[30m♻️  Application listening on http://localhost:5000[39m[49m
Sun Sep 28 2025 1:24:44 [SERVER-NAME] info: [46m🚀 Database connected successfully...[49m
Sun Sep 28 2025 1:24:56 [SERVER-NAME] info: [42m[30m♻️  Application listening on http://localhost:5000[39m[49m
Sun Sep 28 2025 1:24:56 [SERVER-NAME] info: [46m🚀 Database connected successfully...[49m
Sun Sep 28 2025 1:24:58 [SERVER-NAME] info: [42m[30m♻️  Application listening on http://localhost:5000[39m[49m
Sun Sep 28 2025 1:24:58 [SERVER-NAME] info: [46m🚀 Database connected successfully...[49m
Sun Sep 28 2025 1:25:0 [SERVER-NAME] info: [42m[30m♻️  Application listening on http://localhost:5000[39m[49m
Sun Sep 28 2025 1:25:0 [SERVER-NAME] info: [46m🚀 Database connected successfully...[49m
Sun Sep 28 2025 1:25:1 [SERVER-NAME] info: [42m[30m♻️  Application listening on http://localhost:5000[39m[49m
Sun Sep 28 2025 1:25:1 [SERVER-NAME] info: [46m🚀 Database connected successfully...[49m
Sun Sep 28 2025 1:25:10 [SERVER-NAME] info: [42m[30m♻️  Application listening on http://localhost:5000[39m[49m
Sun Sep 28 2025 1:25:10 [SERVER-NAME] info: [46m🚀 Database connected successfully...[49m
Sun Sep 28 2025 1:25:13 [SERVER-NAME] info: [42m[30m♻️  Application listening on http://localhost:5000[39m[49m
Sun Sep 28 2025 1:25:13 [SERVER-NAME] info: [46m🚀 Database connected successfully...[49m
Sun Sep 28 2025 1:25:40 [SERVER-NAME] info: [42m[30m♻️  Application listening on http://localhost:5000[39m[49m
Sun Sep 28 2025 1:25:40 [SERVER-NAME] info: [46m🚀 Database connected successfully...[49m
Sun Sep 28 2025 1:25:58 [SERVER-NAME] info: [42m[30m♻️  Application listening on http://localhost:5000[39m[49m
Sun Sep 28 2025 1:25:58 [SERVER-NAME] info: [46m🚀 Database connected successfully...[49m
Sun Sep 28 2025 1:26:3 [SERVER-NAME] info: [42m[30m♻️  Application listening on http://localhost:5000[39m[49m
Sun Sep 28 2025 1:26:3 [SERVER-NAME] info: [46m🚀 Database connected successfully...[49m
Sun Sep 28 2025 1:27:8 [SERVER-NAME] info: [42m[30m♻️  Application listening on http://localhost:5000[39m[49m
Sun Sep 28 2025 1:27:8 [SERVER-NAME] info: [46m🚀 Database connected successfully...[49m
Sun Sep 28 2025 1:27:11 [SERVER-NAME] info: [42m[30m♻️  Application listening on http://localhost:5000[39m[49m
Sun Sep 28 2025 1:27:11 [SERVER-NAME] info: [46m🚀 Database connected successfully...[49m
Sun Sep 28 2025 1:27:17 [SERVER-NAME] info: [42m[30m♻️  Application listening on http://localhost:5000[39m[49m
Sun Sep 28 2025 1:27:17 [SERVER-NAME] info: [46m🚀 Database connected successfully...[49m
Sun Sep 28 2025 1:27:28 [SERVER-NAME] info: [42m[30m♻️  Application listening on http://localhost:5000[39m[49m
Sun Sep 28 2025 1:27:28 [SERVER-NAME] info: [46m🚀 Database connected successfully...[49m
Sun Sep 28 2025 1:27:29 [SERVER-NAME] info: [42m[30m♻️  Application listening on http://localhost:5000[39m[49m
Sun Sep 28 2025 1:27:29 [SERVER-NAME] info: [46m🚀 Database connected successfully...[49m
Sun Sep 28 2025 1:27:32 [SERVER-NAME] info: [42m[30m♻️  Application listening on http://localhost:5000[39m[49m
Sun Sep 28 2025 1:27:32 [SERVER-NAME] info: [46m🚀 Database connected successfully...[49m
Sun Sep 28 2025 1:27:42 [SERVER-NAME] info: [42m[30m♻️  Application listening on http://localhost:5000[39m[49m
Sun Sep 28 2025 1:27:42 [SERVER-NAME] info: [46m🚀 Database connected successfully...[49m
Sun Sep 28 2025 1:27:44 [SERVER-NAME] info: [42m[30m♻️  Application listening on http://localhost:5000[39m[49m
Sun Sep 28 2025 1:27:44 [SERVER-NAME] info: [46m🚀 Database connected successfully...[49m
Sun Sep 28 2025 1:27:56 [SERVER-NAME] info: [42m[30m♻️  Application listening on http://localhost:5000[39m[49m
Sun Sep 28 2025 1:27:56 [SERVER-NAME] info: [46m🚀 Database connected successfully...[49m
Sun Sep 28 2025 1:27:58 [SERVER-NAME] info: [42m[30m♻️  Application listening on http://localhost:5000[39m[49m
Sun Sep 28 2025 1:27:58 [SERVER-NAME] info: [46m🚀 Database connected successfully...[49m
Sun Sep 28 2025 1:28:3 [SERVER-NAME] info: [42m[30m♻️  Application listening on http://localhost:5000[39m[49m
Sun Sep 28 2025 1:28:3 [SERVER-NAME] info: [46m🚀 Database connected successfully...[49m
Sun Sep 28 2025 1:28:4 [SERVER-NAME] info: [42m[30m♻️  Application listening on http://localhost:5000[39m[49m
Sun Sep 28 2025 1:28:4 [SERVER-NAME] info: [46m🚀 Database connected successfully...[49m
Sun Sep 28 2025 1:28:8 [SERVER-NAME] info: [42m[30m♻️  Application listening on http://localhost:5000[39m[49m
Sun Sep 28 2025 1:28:8 [SERVER-NAME] info: [46m🚀 Database connected successfully...[49m
Sun Sep 28 2025 1:28:11 [SERVER-NAME] info: [42m[30m♻️  Application listening on http://localhost:5000[39m[49m
Sun Sep 28 2025 1:28:11 [SERVER-NAME] info: [46m🚀 Database connected successfully...[49m
Sun Sep 28 2025 1:28:39 [SERVER-NAME] info: [42m[30m♻️  Application listening on http://localhost:5000[39m[49m
Sun Sep 28 2025 1:28:39 [SERVER-NAME] info: [46m🚀 Database connected successfully...[49m
Sun Sep 28 2025 1:28:49 [SERVER-NAME] info: [42m[30m♻️  Application listening on http://localhost:5000[39m[49m
Sun Sep 28 2025 1:28:49 [SERVER-NAME] info: [46m🚀 Database connected successfully...[49m
Sun Sep 28 2025 1:28:59 [SERVER-NAME] info: [42m[30m♻️  Application listening on http://localhost:5000[39m[49m
Sun Sep 28 2025 1:28:59 [SERVER-NAME] info: [46m🚀 Database connected successfully...[49m
Sun Sep 28 2025 1:29:6 [SERVER-NAME] info: [42m[30m♻️  Application listening on http://localhost:5000[39m[49m
Sun Sep 28 2025 1:29:6 [SERVER-NAME] info: [46m🚀 Database connected successfully...[49m
Sun Sep 28 2025 1:29:17 [SERVER-NAME] info: [42m[30m♻️  Application listening on http://localhost:5000[39m[49m
Sun Sep 28 2025 1:29:17 [SERVER-NAME] info: [46m🚀 Database connected successfully...[49m
Sun Sep 28 2025 1:29:19 [SERVER-NAME] info: [42m[30m♻️  Application listening on http://localhost:5000[39m[49m
Sun Sep 28 2025 1:29:19 [SERVER-NAME] info: [46m🚀 Database connected successfully...[49m
Sun Sep 28 2025 1:29:21 [SERVER-NAME] info: [42m[30m♻️  Application listening on http://localhost:5000[39m[49m
Sun Sep 28 2025 1:29:21 [SERVER-NAME] info: [46m🚀 Database connected successfully...[49m
Sun Sep 28 2025 1:29:31 [SERVER-NAME] info: [42m[30m♻️  Application listening on http://localhost:5000[39m[49m
Sun Sep 28 2025 1:29:31 [SERVER-NAME] info: [46m🚀 Database connected successfully...[49m
Sun Sep 28 2025 1:29:33 [SERVER-NAME] info: [42m[30m♻️  Application listening on http://localhost:5000[39m[49m
Sun Sep 28 2025 1:29:33 [SERVER-NAME] info: [46m🚀 Database connected successfully...[49m
Sun Sep 28 2025 1:29:36 [SERVER-NAME] info: [42m[30m♻️  Application listening on http://localhost:5000[39m[49m
Sun Sep 28 2025 1:29:36 [SERVER-NAME] info: [46m🚀 Database connected successfully...[49m
Sun Sep 28 2025 1:29:43 [SERVER-NAME] info: [42m[30m♻️  Application listening on http://localhost:5000[39m[49m
Sun Sep 28 2025 1:29:43 [SERVER-NAME] info: [46m🚀 Database connected successfully...[49m
Sun Sep 28 2025 1:29:45 [SERVER-NAME] info: [42m[30m♻️  Application listening on http://localhost:5000[39m[49m
Sun Sep 28 2025 1:29:45 [SERVER-NAME] info: [46m🚀 Database connected successfully...[49m
Sun Sep 28 2025 1:29:53 [SERVER-NAME] info: [42m[30m♻️  Application listening on http://localhost:5000[39m[49m
Sun Sep 28 2025 1:29:53 [SERVER-NAME] info: [46m🚀 Database connected successfully...[49m
Sun Sep 28 2025 1:29:56 [SERVER-NAME] info: [42m[30m♻️  Application listening on http://localhost:5000[39m[49m
Sun Sep 28 2025 1:29:56 [SERVER-NAME] info: [46m🚀 Database connected successfully...[49m
Sun Sep 28 2025 1:29:58 [SERVER-NAME] info: [42m[30m♻️  Application listening on http://localhost:5000[39m[49m
Sun Sep 28 2025 1:29:58 [SERVER-NAME] info: [46m🚀 Database connected successfully...[49m
Sun Sep 28 2025 1:30:5 [SERVER-NAME] info: [42m[30m♻️  Application listening on http://localhost:5000[39m[49m
Sun Sep 28 2025 1:30:5 [SERVER-NAME] info: [46m🚀 Database connected successfully...[49m
Sun Sep 28 2025 1:30:6 [SERVER-NAME] info: [42m[30m♻️  Application listening on http://localhost:5000[39m[49m
Sun Sep 28 2025 1:30:6 [SERVER-NAME] info: [46m🚀 Database connected successfully...[49m
Sun Sep 28 2025 1:30:14 [SERVER-NAME] info: [42m[30m♻️  Application listening on http://localhost:5000[39m[49m
Sun Sep 28 2025 1:30:15 [SERVER-NAME] info: [46m🚀 Database connected successfully...[49m
Sun Sep 28 2025 1:30:16 [SERVER-NAME] info: [42m[30m♻️  Application listening on http://localhost:5000[39m[49m
Sun Sep 28 2025 1:30:16 [SERVER-NAME] info: [46m🚀 Database connected successfully...[49m
Sun Sep 28 2025 1:30:19 [SERVER-NAME] info: [42m[30m♻️  Application listening on http://localhost:5000[39m[49m
Sun Sep 28 2025 1:30:19 [SERVER-NAME] info: [46m🚀 Database connected successfully...[49m
Sun Sep 28 2025 1:30:22 [SERVER-NAME] info: [42m[30m♻️  Application listening on http://localhost:5000[39m[49m
Sun Sep 28 2025 1:30:22 [SERVER-NAME] info: [46m🚀 Database connected successfully...[49m
Sun Sep 28 2025 1:30:31 [SERVER-NAME] info: [42m[30m♻️  Application listening on http://localhost:5000[39m[49m
Sun Sep 28 2025 1:30:31 [SERVER-NAME] info: [46m🚀 Database connected successfully...[49m
Sun Sep 28 2025 1:30:35 [SERVER-NAME] info: [42m[30m♻️  Application listening on http://localhost:5000[39m[49m
Sun Sep 28 2025 1:30:35 [SERVER-NAME] info: [46m🚀 Database connected successfully...[49m
Sun Sep 28 2025 1:30:40 [SERVER-NAME] info: [42m[30m♻️  Application listening on http://localhost:5000[39m[49m
Sun Sep 28 2025 1:30:40 [SERVER-NAME] info: [46m🚀 Database connected successfully...[49m
Sun Sep 28 2025 1:30:56 [SERVER-NAME] info: [42m[30m♻️  Application listening on http://localhost:5000[39m[49m
Sun Sep 28 2025 1:30:56 [SERVER-NAME] info: [46m🚀 Database connected successfully...[49m
Sun Sep 28 2025 1:30:59 [SERVER-NAME] info: [42m[30m♻️  Application listening on http://localhost:5000[39m[49m
Sun Sep 28 2025 1:30:59 [SERVER-NAME] info: [46m🚀 Database connected successfully...[49m
Sun Sep 28 2025 1:31:52 [SERVER-NAME] info: [42m[30m♻️  Application listening on http://localhost:5000[39m[49m
Sun Sep 28 2025 1:31:52 [SERVER-NAME] info: [46m🚀 Database connected successfully...[49m
Sun Sep 28 2025 1:32:5 [SERVER-NAME] info: [42m[30m♻️  Application listening on http://localhost:5000[39m[49m
Sun Sep 28 2025 1:32:5 [SERVER-NAME] info: [46m🚀 Database connected successfully...[49m
Sun Sep 28 2025 1:32:18 [SERVER-NAME] info: [42m[30m♻️  Application listening on http://localhost:5000[39m[49m
Sun Sep 28 2025 1:32:18 [SERVER-NAME] info: [46m🚀 Database connected successfully...[49m
Sun Sep 28 2025 1:32:24 [SERVER-NAME] info: [42m[30m♻️  Application listening on http://localhost:5000[39m[49m
Sun Sep 28 2025 1:32:24 [SERVER-NAME] info: [46m🚀 Database connected successfully...[49m
Sun Sep 28 2025 1:32:31 [SERVER-NAME] info: [42m[30m♻️  Application listening on http://localhost:5000[39m[49m
Sun Sep 28 2025 1:32:31 [SERVER-NAME] info: [46m🚀 Database connected successfully...[49m
Sun Sep 28 2025 1:32:40 [SERVER-NAME] info: [42m[30m♻️  Application listening on http://localhost:5000[39m[49m
Sun Sep 28 2025 1:32:40 [SERVER-NAME] info: [46m🚀 Database connected successfully...[49m
Sun Sep 28 2025 1:32:43 [SERVER-NAME] info: [42m[30m♻️  Application listening on http://localhost:5000[39m[49m
Sun Sep 28 2025 1:32:43 [SERVER-NAME] info: [46m🚀 Database connected successfully...[49m
Sun Sep 28 2025 1:33:3 [SERVER-NAME] info: [42m[30m♻️  Application listening on http://localhost:5000[39m[49m
Sun Sep 28 2025 1:33:3 [SERVER-NAME] info: [46m🚀 Database connected successfully...[49m
Sun Sep 28 2025 1:33:12 [SERVER-NAME] info: [42m[30m♻️  Application listening on http://localhost:5000[39m[49m
Sun Sep 28 2025 1:33:12 [SERVER-NAME] info: [46m🚀 Database connected successfully...[49m
Sun Sep 28 2025 1:33:15 [SERVER-NAME] info: [42m[30m♻️  Application listening on http://localhost:5000[39m[49m
Sun Sep 28 2025 1:33:15 [SERVER-NAME] info: [46m🚀 Database connected successfully...[49m
Sun Sep 28 2025 1:33:16 [SERVER-NAME] info: [42m[30m♻️  Application listening on http://localhost:5000[39m[49m
Sun Sep 28 2025 1:33:16 [SERVER-NAME] info: [46m🚀 Database connected successfully...[49m
Sun Sep 28 2025 1:33:18 [SERVER-NAME] info: [42m[30m♻️  Application listening on http://localhost:5000[39m[49m
Sun Sep 28 2025 1:33:18 [SERVER-NAME] info: [46m🚀 Database connected successfully...[49m
Sun Sep 28 2025 1:33:25 [SERVER-NAME] info: [42m[30m♻️  Application listening on http://localhost:5000[39m[49m
Sun Sep 28 2025 1:33:25 [SERVER-NAME] info: [46m🚀 Database connected successfully...[49m
Sun Sep 28 2025 1:34:3 [SERVER-NAME] info: [42m[30m🚀 Email sent successfully.....[39m[49m
Sun Sep 28 2025 1:36:2 [SERVER-NAME] info: [42m[30m♻️  Application listening on http://localhost:5000[39m[49m
Sun Sep 28 2025 1:36:2 [SERVER-NAME] info: [46m🚀 Database connected successfully...[49m
Sun Sep 28 2025 1:36:8 [SERVER-NAME] info: [42m[30m♻️  Application listening on http://localhost:5000[39m[49m
Sun Sep 28 2025 1:36:8 [SERVER-NAME] info: [46m🚀 Database connected successfully...[49m
Sun Sep 28 2025 1:36:12 [SERVER-NAME] info: [42m[30m♻️  Application listening on http://localhost:5000[39m[49m
Sun Sep 28 2025 1:36:12 [SERVER-NAME] info: [46m🚀 Database connected successfully...[49m
Sun Sep 28 2025 1:54:36 [SERVER-NAME] info: [42m[30m♻️  Application listening on http://localhost:5000[39m[49m
Sun Sep 28 2025 1:54:36 [SERVER-NAME] info: [46m🚀 Database connected successfully...[49m
Sun Sep 28 2025 1:54:53 [SERVER-NAME] error: [41m[30m🚨 Error in creating user into DB : MongoServerError: E11000 duplicate key error collection: wolf-comp.users index: userName_1 dup key: { userName: "dodul01" }[39m[49m
Sun Sep 28 2025 1:55:1 [SERVER-NAME] info: [42m[30m♻️  Application listening on http://localhost:5000[39m[49m
Sun Sep 28 2025 1:55:1 [SERVER-NAME] info: [46m🚀 Database connected successfully...[49m
Sun Sep 28 2025 1:56:49 [SERVER-NAME] info: [42m[30m♻️  Application listening on http://localhost:5000[39m[49m
Sun Sep 28 2025 1:56:49 [SERVER-NAME] info: [46m🚀 Database connected successfully...[49m
